<?xml version="1.0" encoding="UTF-8"?>
<!-- Generated by org.testng.reporters.JUnitXMLReporter -->
<testsuite ignored="0" hostname="LAPTOP-A5D09V8S" failures="0" tests="3" name="Default test" time="34.713" errors="0" timestamp="2024-11-29T15:51:35 IST">
  <testcase classname="seleniumpractices.TestGropusInTestNg" name="B" time="0.033"/>
  <testcase classname="seleniumpractices.TestGropusInTestNg" name="Z" time="0.033"/>
  <testcase classname="seleniumpractices.TestGropusInTestNg" name="c" time="5.481"/>
</testsuite> <!-- Default test -->
